<?xml version="1.0" encoding="UTF-8"?>
<!-- Generated by org.testng.reporters.JUnitReportReporter -->
<testsuite hostname="DESKTOP-93B8F71" failures="0" tests="1" name="cucumberOptions.TestNGTestRunner" time="27.666" errors="0" timestamp="2022-12-26T14:36:24 EST" skipped="0">
  <testcase classname="cucumberOptions.TestNGTestRunner" name="runScenario" time="27.666"/>
  <system-out/>
</testsuite> <!-- cucumberOptions.TestNGTestRunner -->
