<?xml version="1.0" encoding="UTF-8"?>
<!-- Generated by org.testng.reporters.JUnitReportReporter -->
<testsuite hostname="DESKTOP-93B8F71" failures="0" tests="1" name="cucumberOptions.TestNGTestRunner" time="23.442" errors="0" timestamp="2022-12-25T17:41:17 EST" skipped="0">
  <testcase classname="cucumberOptions.TestNGTestRunner" name="runScenario" time="23.442"/>
  <system-out/>
</testsuite> <!-- cucumberOptions.TestNGTestRunner -->
