<?xml version="1.0" encoding="UTF-8"?>
<!-- Generated by org.testng.reporters.JUnitReportReporter -->
<testsuite hostname="DESKTOP-93B8F71" failures="0" tests="1" name="cucumberOptions.TestNGTestRunner" time="26.071" errors="0" timestamp="2023-02-25T21:46:34 EST" skipped="0">
  <testcase classname="cucumberOptions.TestNGTestRunner" name="runScenario" time="26.071"/>
  <system-out/>
</testsuite> <!-- cucumberOptions.TestNGTestRunner -->
