<?xml version="1.0" encoding="UTF-8"?>
<!-- Generated by org.testng.reporters.JUnitReportReporter -->
<testsuite hostname="DESKTOP-93B8F71" failures="0" tests="1" name="cucumberOptions.TestNGTestRunner" time="21.420" errors="0" timestamp="2022-12-25T18:06:22 EST" skipped="0">
  <testcase classname="cucumberOptions.TestNGTestRunner" name="runScenario" time="21.420"/>
  <system-out/>
</testsuite> <!-- cucumberOptions.TestNGTestRunner -->
